# JRE version: OpenJDK Runtime Environment (8.0_242-b01) (build 1.8.0_242-release-1644-b01)
# Java VM: OpenJDK 64-Bit Server VM (25.242-b01 mixed mode windows-amd64 compressed oops)
Heap:
 PSYoungGen      total 429568K, used 305797K [0x00000000e0000000, 0x0000000100000000, 0x0000000100000000)
  eden space 345600K, 75% used [0x00000000e0000000,0x00000000efe3e730,0x00000000f5180000)
  from space 83968K, 54% used [0x00000000f5180000,0x00000000f7de2fd0,0x00000000fa380000)
  to   space 86016K, 0% used [0x00000000fac00000,0x00000000fac00000,0x0000000100000000)
 ParOldGen       total 295936K, used 146900K [0x00000000a0000000, 0x00000000b2100000, 0x00000000e0000000)
  object space 295936K, 49% used [0x00000000a0000000,0x00000000a8f75218,0x00000000b2100000)
 Metaspace       used 161897K, capacity 169682K, committed 170664K, reserved 1198080K
  class space    used 20115K, capacity 21636K, committed 21928K, reserved 1048576K
GC Heap History (10 events):
Event: 3178.627 GC heap before
{Heap before GC invocations=41 (full 5):
 PSYoungGen      total 418816K, used 330383K [0x00000000e0000000, 0x00000000ff780000, 0x0000000100000000)
  eden space 325632K, 100% used [0x00000000e0000000,0x00000000f3e00000,0x00000000f3e00000)
  from space 93184K, 5% used [0x00000000f3e00000,0x00000000f42a3e38,0x00000000f9900000)
  to   space 92160K, 0% used [0x00000000f9d80000,0x00000000f9d80000,0x00000000ff780000)
 ParOldGen       total 323584K, used 289440K [0x00000000a0000000, 0x00000000b3c00000, 0x00000000e0000000)
  object space 323584K, 89% used [0x00000000a0000000,0x00000000b1aa80d0,0x00000000b3c00000)
 Metaspace       used 160270K, capacity 168622K, committed 168872K, reserved 1196032K
  class space    used 20127K, capacity 21867K, committed 21928K, reserved 1048576K
Event: 3178.640 GC heap after
Heap after GC invocations=41 (full 5):
 PSYoungGen      total 425472K, used 5647K [0x00000000e0000000, 0x00000000ffb00000, 0x0000000100000000)
  eden space 333312K, 0% used [0x00000000e0000000,0x00000000e0000000,0x00000000f4580000)
  from space 92160K, 6% used [0x00000000f9d80000,0x00000000fa303c10,0x00000000ff780000)
  to   space 90112K, 0% used [0x00000000f4580000,0x00000000f4580000,0x00000000f9d80000)
 ParOldGen       total 323584K, used 292720K [0x00000000a0000000, 0x00000000b3c00000, 0x00000000e0000000)
  object space 323584K, 90% used [0x00000000a0000000,0x00000000b1ddc200,0x00000000b3c00000)
 Metaspace       used 160270K, capacity 168622K, committed 168872K, reserved 1196032K
  class space    used 20127K, capacity 21867K, committed 21928K, reserved 1048576K
}
Event: 3179.771 GC heap before
{Heap before GC invocations=42 (full 5):
 PSYoungGen      total 425472K, used 338959K [0x00000000e0000000, 0x00000000ffb00000, 0x0000000100000000)
  eden space 333312K, 100% used [0x00000000e0000000,0x00000000f4580000,0x00000000f4580000)
  from space 92160K, 6% used [0x00000000f9d80000,0x00000000fa303c10,0x00000000ff780000)
  to   space 90112K, 0% used [0x00000000f4580000,0x00000000f4580000,0x00000000f9d80000)
 ParOldGen       total 323584K, used 292720K [0x00000000a0000000, 0x00000000b3c00000, 0x00000000e0000000)
  object space 323584K, 90% used [0x00000000a0000000,0x00000000b1ddc200,0x00000000b3c00000)
 Metaspace       used 160297K, capacity 168626K, committed 168872K, reserved 1196032K
  class space    used 20128K, capacity 21869K, committed 21928K, reserved 1048576K
Event: 3179.861 GC heap after
Heap after GC invocations=42 (full 5):
 PSYoungGen      total 423424K, used 6032K [0x00000000e0000000, 0x00000000ff900000, 0x0000000100000000)
  eden space 333312K, 0% used [0x00000000e0000000,0x00000000e0000000,0x00000000f4580000)
  from space 90112K, 6% used [0x00000000f4580000,0x00000000f4b642f0,0x00000000f9d80000)
  to   space 87552K, 0% used [0x00000000fa380000,0x00000000fa380000,0x00000000ff900000)
 ParOldGen       total 323584K, used 297442K [0x00000000a0000000, 0x00000000b3c00000, 0x00000000e0000000)
  object space 323584K, 91% used [0x00000000a0000000,0x00000000b2278a08,0x00000000b3c00000)
 Metaspace       used 160297K, capacity 168626K, committed 168872K, reserved 1196032K
  class space    used 20128K, capacity 21869K, committed 21928K, reserved 1048576K
}
Event: 3179.966 GC heap before
{Heap before GC invocations=43 (full 6):
 PSYoungGen      total 423424K, used 6032K [0x00000000e0000000, 0x00000000ff900000, 0x0000000100000000)
  eden space 333312K, 0% used [0x00000000e0000000,0x00000000e0000000,0x00000000f4580000)
  from space 90112K, 6% used [0x00000000f4580000,0x00000000f4b642f0,0x00000000f9d80000)
  to   space 87552K, 0% used [0x00000000fa380000,0x00000000fa380000,0x00000000ff900000)
 ParOldGen       total 323584K, used 297442K [0x00000000a0000000, 0x00000000b3c00000, 0x00000000e0000000)
  object space 323584K, 91% used [0x00000000a0000000,0x00000000b2278a08,0x00000000b3c00000)
 Metaspace       used 160297K, capacity 168626K, committed 168872K, reserved 1196032K
  class space    used 20128K, capacity 21869K, committed 21928K, reserved 1048576K
Event: 3185.139 GC heap after
Heap after GC invocations=43 (full 6):
 PSYoungGen      total 423424K, used 0K [0x00000000e0000000, 0x00000000ff900000, 0x0000000100000000)
  eden space 333312K, 0% used [0x00000000e0000000,0x00000000e0000000,0x00000000f4580000)
  from space 90112K, 0% used [0x00000000f4580000,0x00000000f4580000,0x00000000f9d80000)
  to   space 87552K, 0% used [0x00000000fa380000,0x00000000fa380000,0x00000000ff900000)
 ParOldGen       total 295936K, used 143032K [0x00000000a0000000, 0x00000000b2100000, 0x00000000e0000000)
  object space 295936K, 48% used [0x00000000a0000000,0x00000000a8bae240,0x00000000b2100000)
 Metaspace       used 159351K, capacity 166828K, committed 168872K, reserved 1196032K
  class space    used 19912K, capacity 21395K, committed 21928K, reserved 1048576K
}
Event: 3188.879 GC heap before
{Heap before GC invocations=44 (full 6):
 PSYoungGen      total 423424K, used 333312K [0x00000000e0000000, 0x00000000ff900000, 0x0000000100000000)
  eden space 333312K, 100% used [0x00000000e0000000,0x00000000f4580000,0x00000000f4580000)
  from space 90112K, 0% used [0x00000000f4580000,0x00000000f4580000,0x00000000f9d80000)
  to   space 87552K, 0% used [0x00000000fa380000,0x00000000fa380000,0x00000000ff900000)
 ParOldGen       total 295936K, used 143032K [0x00000000a0000000, 0x00000000b2100000, 0x00000000e0000000)
  object space 295936K, 48% used [0x00000000a0000000,0x00000000a8bae240,0x00000000b2100000)
 Metaspace       used 159456K, capacity 166962K, committed 168872K, reserved 1196032K
  class space    used 19912K, capacity 21396K, committed 21928K, reserved 1048576K
Event: 3188.906 GC heap after
Heap after GC invocations=44 (full 6):
 PSYoungGen      total 430592K, used 10390K [0x00000000e0000000, 0x00000000ff680000, 0x0000000100000000)
  eden space 345600K, 0% used [0x00000000e0000000,0x00000000e0000000,0x00000000f5180000)
  from space 84992K, 12% used [0x00000000fa380000,0x00000000fada5a50,0x00000000ff680000)
  to   space 83968K, 0% used [0x00000000f5180000,0x00000000f5180000,0x00000000fa380000)
 ParOldGen       total 295936K, used 143032K [0x00000000a0000000, 0x00000000b2100000, 0x00000000e0000000)
  object space 295936K, 48% used [0x00000000a0000000,0x00000000a8bae240,0x00000000b2100000)
 Metaspace       used 159456K, capacity 166962K, committed 168872K, reserved 1196032K
  class space    used 19912K, capacity 21396K, committed 21928K, reserved 1048576K
}
Event: 3191.103 GC heap before
{Heap before GC invocations=45 (full 6):
 PSYoungGen      total 430592K, used 355990K [0x00000000e0000000, 0x00000000ff680000, 0x0000000100000000)
  eden space 345600K, 100% used [0x00000000e0000000,0x00000000f5180000,0x00000000f5180000)
  from space 84992K, 12% used [0x00000000fa380000,0x00000000fada5a50,0x00000000ff680000)
  to   space 83968K, 0% used [0x00000000f5180000,0x00000000f5180000,0x00000000fa380000)
 ParOldGen       total 295936K, used 143032K [0x00000000a0000000, 0x00000000b2100000, 0x00000000e0000000)
  object space 295936K, 48% used [0x00000000a0000000,0x00000000a8bae240,0x00000000b2100000)
 Metaspace       used 160313K, capacity 167970K, committed 169128K, reserved 1196032K
  class space    used 19944K, capacity 21458K, committed 21928K, reserved 1048576K
Event: 3191.140 GC heap after
Heap after GC invocations=45 (full 6):
 PSYoungGen      total 429568K, used 45451K [0x00000000e0000000, 0x0000000100000000, 0x0000000100000000)
  eden space 345600K, 0% used [0x00000000e0000000,0x00000000e0000000,0x00000000f5180000)
  from space 83968K, 54% used [0x00000000f5180000,0x00000000f7de2fd0,0x00000000fa380000)
  to   space 86016K, 0% used [0x00000000fac00000,0x00000000fac00000,0x0000000100000000)
 ParOldGen       total 295936K, used 146900K [0x00000000a0000000, 0x00000000b2100000, 0x00000000e0000000)
  object space 295936K, 49% used [0x00000000a0000000,0x00000000a8f75218,0x00000000b2100000)
 Metaspace       used 160313K, capacity 167970K, committed 169128K, reserved 1196032K
  class space    used 19944K, capacity 21458K, committed 21928K, reserved 1048576K
}

