# JRE version: OpenJDK Runtime Environment (8.0_242-b01) (build 1.8.0_242-release-1644-b01)
# Java VM: OpenJDK 64-Bit Server VM (25.242-b01 mixed mode windows-amd64 compressed oops)
Heap:
 PSYoungGen      total 423424K, used 350573K [0x00000000e0000000, 0x0000000100000000, 0x0000000100000000)
  eden space 340992K, 82% used [0x00000000e0000000,0x00000000f128de70,0x00000000f4d00000)
  from space 82432K, 84% used [0x00000000faf80000,0x00000000ff34d830,0x0000000100000000)
  to   space 91648K, 0% used [0x00000000f4d00000,0x00000000f4d00000,0x00000000fa680000)
 ParOldGen       total 252416K, used 157064K [0x00000000a0000000, 0x00000000af680000, 0x00000000e0000000)
  object space 252416K, 62% used [0x00000000a0000000,0x00000000a99620d8,0x00000000af680000)
 Metaspace       used 109160K, capacity 116546K, committed 116608K, reserved 1150976K
  class space    used 14085K, capacity 15426K, committed 15488K, reserved 1048576K
GC Heap History (10 events):
Event: 4152.631 GC heap before
{Heap before GC invocations=30 (full 4):
 PSYoungGen      total 413696K, used 391197K [0x00000000e0000000, 0x00000000fcd00000, 0x0000000100000000)
  eden space 370176K, 100% used [0x00000000e0000000,0x00000000f6980000,0x00000000f6980000)
  from space 43520K, 48% used [0x00000000f6980000,0x00000000f7e07740,0x00000000f9400000)
  to   space 41984K, 0% used [0x00000000fa400000,0x00000000fa400000,0x00000000fcd00000)
 ParOldGen       total 252416K, used 84845K [0x00000000a0000000, 0x00000000af680000, 0x00000000e0000000)
  object space 252416K, 33% used [0x00000000a0000000,0x00000000a52db7e0,0x00000000af680000)
 Metaspace       used 107619K, capacity 114744K, committed 114944K, reserved 1148928K
  class space    used 13984K, capacity 15279K, committed 15360K, reserved 1048576K
Event: 4152.643 GC heap after
Heap after GC invocations=30 (full 4):
 PSYoungGen      total 419840K, used 10818K [0x00000000e0000000, 0x00000000fc700000, 0x0000000100000000)
  eden space 384000K, 0% used [0x00000000e0000000,0x00000000e0000000,0x00000000f7700000)
  from space 35840K, 30% used [0x00000000fa400000,0x00000000fae90ac8,0x00000000fc700000)
  to   space 40960K, 0% used [0x00000000f7700000,0x00000000f7700000,0x00000000f9f00000)
 ParOldGen       total 252416K, used 84853K [0x00000000a0000000, 0x00000000af680000, 0x00000000e0000000)
  object space 252416K, 33% used [0x00000000a0000000,0x00000000a52dd7e0,0x00000000af680000)
 Metaspace       used 107619K, capacity 114744K, committed 114944K, reserved 1148928K
  class space    used 13984K, capacity 15279K, committed 15360K, reserved 1048576K
}
Event: 7316.437 GC heap before
{Heap before GC invocations=31 (full 4):
 PSYoungGen      total 419840K, used 394818K [0x00000000e0000000, 0x00000000fc700000, 0x0000000100000000)
  eden space 384000K, 100% used [0x00000000e0000000,0x00000000f7700000,0x00000000f7700000)
  from space 35840K, 30% used [0x00000000fa400000,0x00000000fae90ac8,0x00000000fc700000)
  to   space 40960K, 0% used [0x00000000f7700000,0x00000000f7700000,0x00000000f9f00000)
 ParOldGen       total 252416K, used 84853K [0x00000000a0000000, 0x00000000af680000, 0x00000000e0000000)
  object space 252416K, 33% used [0x00000000a0000000,0x00000000a52dd7e0,0x00000000af680000)
 Metaspace       used 107849K, capacity 115024K, committed 115200K, reserved 1148928K
  class space    used 13997K, capacity 15303K, committed 15360K, reserved 1048576K
Event: 7316.484 GC heap after
Heap after GC invocations=31 (full 4):
 PSYoungGen      total 387584K, used 16394K [0x00000000e0000000, 0x00000000fb600000, 0x0000000100000000)
  eden space 370688K, 0% used [0x00000000e0000000,0x00000000e0000000,0x00000000f6a00000)
  from space 16896K, 97% used [0x00000000f7700000,0x00000000f8702848,0x00000000f8780000)
  to   space 38912K, 0% used [0x00000000f9000000,0x00000000f9000000,0x00000000fb600000)
 ParOldGen       total 252416K, used 84861K [0x00000000a0000000, 0x00000000af680000, 0x00000000e0000000)
  object space 252416K, 33% used [0x00000000a0000000,0x00000000a52df7e0,0x00000000af680000)
 Metaspace       used 107849K, capacity 115024K, committed 115200K, reserved 1148928K
  class space    used 13997K, capacity 15303K, committed 15360K, reserved 1048576K
}
Event: 7322.479 GC heap before
{Heap before GC invocations=32 (full 4):
 PSYoungGen      total 387584K, used 387082K [0x00000000e0000000, 0x00000000fb600000, 0x0000000100000000)
  eden space 370688K, 100% used [0x00000000e0000000,0x00000000f6a00000,0x00000000f6a00000)
  from space 16896K, 97% used [0x00000000f7700000,0x00000000f8702848,0x00000000f8780000)
  to   space 38912K, 0% used [0x00000000f9000000,0x00000000f9000000,0x00000000fb600000)
 ParOldGen       total 252416K, used 84861K [0x00000000a0000000, 0x00000000af680000, 0x00000000e0000000)
  object space 252416K, 33% used [0x00000000a0000000,0x00000000a52df7e0,0x00000000af680000)
 Metaspace       used 108120K, capacity 115452K, committed 115584K, reserved 1148928K
  class space    used 14018K, capacity 15371K, committed 15488K, reserved 1048576K
Event: 7322.696 GC heap after
Heap after GC invocations=32 (full 4):
 PSYoungGen      total 376832K, used 38887K [0x00000000e0000000, 0x0000000100000000, 0x0000000100000000)
  eden space 337920K, 0% used [0x00000000e0000000,0x00000000e0000000,0x00000000f4a00000)
  from space 38912K, 99% used [0x00000000f9000000,0x00000000fb5f9c30,0x00000000fb600000)
  to   space 71680K, 0% used [0x00000000f4a00000,0x00000000f4a00000,0x00000000f9000000)
 ParOldGen       total 252416K, used 157048K [0x00000000a0000000, 0x00000000af680000, 0x00000000e0000000)
  object space 252416K, 62% used [0x00000000a0000000,0x00000000a995e0d8,0x00000000af680000)
 Metaspace       used 108120K, capacity 115452K, committed 115584K, reserved 1148928K
  class space    used 14018K, capacity 15371K, committed 15488K, reserved 1048576K
}
Event: 7325.582 GC heap before
{Heap before GC invocations=33 (full 4):
 PSYoungGen      total 376832K, used 376587K [0x00000000e0000000, 0x0000000100000000, 0x0000000100000000)
  eden space 337920K, 99% used [0x00000000e0000000,0x00000000f49c90b8,0x00000000f4a00000)
  from space 38912K, 99% used [0x00000000f9000000,0x00000000fb5f9c30,0x00000000fb600000)
  to   space 71680K, 0% used [0x00000000f4a00000,0x00000000f4a00000,0x00000000f9000000)
 ParOldGen       total 252416K, used 157048K [0x00000000a0000000, 0x00000000af680000, 0x00000000e0000000)
  object space 252416K, 62% used [0x00000000a0000000,0x00000000a995e0d8,0x00000000af680000)
 Metaspace       used 108620K, capacity 115946K, committed 116096K, reserved 1150976K
  class space    used 14036K, capacity 15386K, committed 15488K, reserved 1048576K
Event: 7325.667 GC heap after
Heap after GC invocations=33 (full 4):
 PSYoungGen      total 409600K, used 68389K [0x00000000e0000000, 0x0000000100000000, 0x0000000100000000)
  eden space 337920K, 0% used [0x00000000e0000000,0x00000000e0000000,0x00000000f4a00000)
  from space 71680K, 95% used [0x00000000f4a00000,0x00000000f8cc9470,0x00000000f9000000)
  to   space 82432K, 0% used [0x00000000faf80000,0x00000000faf80000,0x0000000100000000)
 ParOldGen       total 252416K, used 157056K [0x00000000a0000000, 0x00000000af680000, 0x00000000e0000000)
  object space 252416K, 62% used [0x00000000a0000000,0x00000000a99600d8,0x00000000af680000)
 Metaspace       used 108620K, capacity 115946K, committed 116096K, reserved 1150976K
  class space    used 14036K, capacity 15386K, committed 15488K, reserved 1048576K
}
Event: 8863.846 GC heap before
{Heap before GC invocations=34 (full 4):
 PSYoungGen      total 409600K, used 406309K [0x00000000e0000000, 0x0000000100000000, 0x0000000100000000)
  eden space 337920K, 100% used [0x00000000e0000000,0x00000000f4a00000,0x00000000f4a00000)
  from space 71680K, 95% used [0x00000000f4a00000,0x00000000f8cc9470,0x00000000f9000000)
  to   space 82432K, 0% used [0x00000000faf80000,0x00000000faf80000,0x0000000100000000)
 ParOldGen       total 252416K, used 157056K [0x00000000a0000000, 0x00000000af680000, 0x00000000e0000000)
  object space 252416K, 62% used [0x00000000a0000000,0x00000000a99600d8,0x00000000af680000)
 Metaspace       used 109107K, capacity 116510K, committed 116608K, reserved 1150976K
  class space    used 14083K, capacity 15422K, committed 15488K, reserved 1048576K
Event: 8863.917 GC heap after
Heap after GC invocations=34 (full 4):
 PSYoungGen      total 423424K, used 69430K [0x00000000e0000000, 0x0000000100000000, 0x0000000100000000)
  eden space 340992K, 0% used [0x00000000e0000000,0x00000000e0000000,0x00000000f4d00000)
  from space 82432K, 84% used [0x00000000faf80000,0x00000000ff34d830,0x0000000100000000)
  to   space 91648K, 0% used [0x00000000f4d00000,0x00000000f4d00000,0x00000000fa680000)
 ParOldGen       total 252416K, used 157064K [0x00000000a0000000, 0x00000000af680000, 0x00000000e0000000)
  object space 252416K, 62% used [0x00000000a0000000,0x00000000a99620d8,0x00000000af680000)
 Metaspace       used 109107K, capacity 116510K, committed 116608K, reserved 1150976K
  class space    used 14083K, capacity 15422K, committed 15488K, reserved 1048576K
}

