# JRE version: OpenJDK Runtime Environment (8.0_242-b01) (build 1.8.0_242-release-1644-b01)
# Java VM: OpenJDK 64-Bit Server VM (25.242-b01 mixed mode windows-amd64 compressed oops)
Heap:
 PSYoungGen      total 331264K, used 31551K [0x00000000e0000000, 0x00000000f6080000, 0x0000000100000000)
  eden space 305664K, 1% used [0x00000000e0000000,0x00000000e05d0c98,0x00000000f2a80000)
  from space 25600K, 99% used [0x00000000f2a80000,0x00000000f437f338,0x00000000f4380000)
  to   space 18944K, 0% used [0x00000000f4380000,0x00000000f4380000,0x00000000f5600000)
 ParOldGen       total 74240K, used 43869K [0x00000000a0000000, 0x00000000a4880000, 0x00000000e0000000)
  object space 74240K, 59% used [0x00000000a0000000,0x00000000a2ad7630,0x00000000a4880000)
 Metaspace       used 65217K, capacity 68262K, committed 68392K, reserved 1107968K
  class space    used 8899K, capacity 9502K, committed 9520K, reserved 1048576K
GC Heap History (10 events):
Event: 4.275 GC heap before
{Heap before GC invocations=10 (full 2):
 PSYoungGen      total 243200K, used 8458K [0x00000000e0000000, 0x00000000efd00000, 0x0000000100000000)
  eden space 230400K, 0% used [0x00000000e0000000,0x00000000e0000000,0x00000000ee100000)
  from space 12800K, 66% used [0x00000000ef080000,0x00000000ef8c2ad8,0x00000000efd00000)
  to   space 14336K, 0% used [0x00000000ee100000,0x00000000ee100000,0x00000000eef00000)
 ParOldGen       total 52224K, used 9073K [0x00000000a0000000, 0x00000000a3300000, 0x00000000e0000000)
  object space 52224K, 17% used [0x00000000a0000000,0x00000000a08dc578,0x00000000a3300000)
 Metaspace       used 34275K, capacity 35458K, committed 35496K, reserved 1079296K
  class space    used 4719K, capacity 5038K, committed 5040K, reserved 1048576K
Event: 4.319 GC heap after
Heap after GC invocations=10 (full 2):
 PSYoungGen      total 243200K, used 0K [0x00000000e0000000, 0x00000000efd00000, 0x0000000100000000)
  eden space 230400K, 0% used [0x00000000e0000000,0x00000000e0000000,0x00000000ee100000)
  from space 12800K, 0% used [0x00000000ef080000,0x00000000ef080000,0x00000000efd00000)
  to   space 14336K, 0% used [0x00000000ee100000,0x00000000ee100000,0x00000000eef00000)
 ParOldGen       total 74240K, used 14877K [0x00000000a0000000, 0x00000000a4880000, 0x00000000e0000000)
  object space 74240K, 20% used [0x00000000a0000000,0x00000000a0e87618,0x00000000a4880000)
 Metaspace       used 34275K, capacity 35458K, committed 35496K, reserved 1079296K
  class space    used 4719K, capacity 5038K, committed 5040K, reserved 1048576K
}
Event: 6.074 GC heap before
{Heap before GC invocations=11 (full 2):
 PSYoungGen      total 243200K, used 230400K [0x00000000e0000000, 0x00000000efd00000, 0x0000000100000000)
  eden space 230400K, 100% used [0x00000000e0000000,0x00000000ee100000,0x00000000ee100000)
  from space 12800K, 0% used [0x00000000ef080000,0x00000000ef080000,0x00000000efd00000)
  to   space 14336K, 0% used [0x00000000ee100000,0x00000000ee100000,0x00000000eef00000)
 ParOldGen       total 74240K, used 14877K [0x00000000a0000000, 0x00000000a4880000, 0x00000000e0000000)
  object space 74240K, 20% used [0x00000000a0000000,0x00000000a0e87618,0x00000000a4880000)
 Metaspace       used 46697K, capacity 48598K, committed 48808K, reserved 1091584K
  class space    used 6308K, capacity 6714K, committed 6832K, reserved 1048576K
Event: 6.091 GC heap after
Heap after GC invocations=11 (full 2):
 PSYoungGen      total 244736K, used 14327K [0x00000000e0000000, 0x00000000f5600000, 0x0000000100000000)
  eden space 230400K, 0% used [0x00000000e0000000,0x00000000e0000000,0x00000000ee100000)
  from space 14336K, 99% used [0x00000000ee100000,0x00000000eeefdd30,0x00000000eef00000)
  to   space 18944K, 0% used [0x00000000f4380000,0x00000000f4380000,0x00000000f5600000)
 ParOldGen       total 74240K, used 21384K [0x00000000a0000000, 0x00000000a4880000, 0x00000000e0000000)
  object space 74240K, 28% used [0x00000000a0000000,0x00000000a14e22d0,0x00000000a4880000)
 Metaspace       used 46697K, capacity 48598K, committed 48808K, reserved 1091584K
  class space    used 6308K, capacity 6714K, committed 6832K, reserved 1048576K
}
Event: 7.765 GC heap before
{Heap before GC invocations=12 (full 2):
 PSYoungGen      total 244736K, used 179110K [0x00000000e0000000, 0x00000000f5600000, 0x0000000100000000)
  eden space 230400K, 71% used [0x00000000e0000000,0x00000000ea0ebae8,0x00000000ee100000)
  from space 14336K, 99% used [0x00000000ee100000,0x00000000eeefdd30,0x00000000eef00000)
  to   space 18944K, 0% used [0x00000000f4380000,0x00000000f4380000,0x00000000f5600000)
 ParOldGen       total 74240K, used 21384K [0x00000000a0000000, 0x00000000a4880000, 0x00000000e0000000)
  object space 74240K, 28% used [0x00000000a0000000,0x00000000a14e22d0,0x00000000a4880000)
 Metaspace       used 56727K, capacity 59074K, committed 59160K, reserved 1099776K
  class space    used 7761K, capacity 8284K, committed 8368K, reserved 1048576K
Event: 7.798 GC heap after
Heap after GC invocations=12 (full 2):
 PSYoungGen      total 324608K, used 18940K [0x00000000e0000000, 0x00000000f6080000, 0x0000000100000000)
  eden space 305664K, 0% used [0x00000000e0000000,0x00000000e0000000,0x00000000f2a80000)
  from space 18944K, 99% used [0x00000000f4380000,0x00000000f55ff320,0x00000000f5600000)
  to   space 25600K, 0% used [0x00000000f2a80000,0x00000000f2a80000,0x00000000f4380000)
 ParOldGen       total 74240K, used 32056K [0x00000000a0000000, 0x00000000a4880000, 0x00000000e0000000)
  object space 74240K, 43% used [0x00000000a0000000,0x00000000a1f4e210,0x00000000a4880000)
 Metaspace       used 56727K, capacity 59074K, committed 59160K, reserved 1099776K
  class space    used 7761K, capacity 8284K, committed 8368K, reserved 1048576K
}
Event: 7.798 GC heap before
{Heap before GC invocations=13 (full 3):
 PSYoungGen      total 324608K, used 18940K [0x00000000e0000000, 0x00000000f6080000, 0x0000000100000000)
  eden space 305664K, 0% used [0x00000000e0000000,0x00000000e0000000,0x00000000f2a80000)
  from space 18944K, 99% used [0x00000000f4380000,0x00000000f55ff320,0x00000000f5600000)
  to   space 25600K, 0% used [0x00000000f2a80000,0x00000000f2a80000,0x00000000f4380000)
 ParOldGen       total 74240K, used 32056K [0x00000000a0000000, 0x00000000a4880000, 0x00000000e0000000)
  object space 74240K, 43% used [0x00000000a0000000,0x00000000a1f4e210,0x00000000a4880000)
 Metaspace       used 56727K, capacity 59074K, committed 59160K, reserved 1099776K
  class space    used 7761K, capacity 8284K, committed 8368K, reserved 1048576K
Event: 7.964 GC heap after
Heap after GC invocations=13 (full 3):
 PSYoungGen      total 324608K, used 0K [0x00000000e0000000, 0x00000000f6080000, 0x0000000100000000)
  eden space 305664K, 0% used [0x00000000e0000000,0x00000000e0000000,0x00000000f2a80000)
  from space 18944K, 0% used [0x00000000f4380000,0x00000000f4380000,0x00000000f5600000)
  to   space 25600K, 0% used [0x00000000f2a80000,0x00000000f2a80000,0x00000000f4380000)
 ParOldGen       total 74240K, used 41757K [0x00000000a0000000, 0x00000000a4880000, 0x00000000e0000000)
  object space 74240K, 56% used [0x00000000a0000000,0x00000000a28c77e0,0x00000000a4880000)
 Metaspace       used 56707K, capacity 59008K, committed 59160K, reserved 1099776K
  class space    used 7755K, capacity 8273K, committed 8368K, reserved 1048576K
}
Event: 14.309 GC heap before
{Heap before GC invocations=14 (full 3):
 PSYoungGen      total 324608K, used 305664K [0x00000000e0000000, 0x00000000f6080000, 0x0000000100000000)
  eden space 305664K, 100% used [0x00000000e0000000,0x00000000f2a80000,0x00000000f2a80000)
  from space 18944K, 0% used [0x00000000f4380000,0x00000000f4380000,0x00000000f5600000)
  to   space 25600K, 0% used [0x00000000f2a80000,0x00000000f2a80000,0x00000000f4380000)
 ParOldGen       total 74240K, used 41757K [0x00000000a0000000, 0x00000000a4880000, 0x00000000e0000000)
  object space 74240K, 56% used [0x00000000a0000000,0x00000000a28c77e0,0x00000000a4880000)
 Metaspace       used 65216K, capacity 68262K, committed 68392K, reserved 1107968K
  class space    used 8899K, capacity 9502K, committed 9520K, reserved 1048576K
Event: 14.342 GC heap after
Heap after GC invocations=14 (full 3):
 PSYoungGen      total 331264K, used 25596K [0x00000000e0000000, 0x00000000f6080000, 0x0000000100000000)
  eden space 305664K, 0% used [0x00000000e0000000,0x00000000e0000000,0x00000000f2a80000)
  from space 25600K, 99% used [0x00000000f2a80000,0x00000000f437f338,0x00000000f4380000)
  to   space 18944K, 0% used [0x00000000f4380000,0x00000000f4380000,0x00000000f5600000)
 ParOldGen       total 74240K, used 43869K [0x00000000a0000000, 0x00000000a4880000, 0x00000000e0000000)
  object space 74240K, 59% used [0x00000000a0000000,0x00000000a2ad7630,0x00000000a4880000)
 Metaspace       used 65216K, capacity 68262K, committed 68392K, reserved 1107968K
  class space    used 8899K, capacity 9502K, committed 9520K, reserved 1048576K
}

