# JRE version: OpenJDK Runtime Environment (8.0_242-b01) (build 1.8.0_242-release-1644-b01)
# Java VM: OpenJDK 64-Bit Server VM (25.242-b01 mixed mode windows-amd64 compressed oops)
Heap:
 PSYoungGen      total 239104K, used 49101K [0x00000000e0000000, 0x00000000f3500000, 0x0000000100000000)
  eden space 218624K, 14% used [0x00000000e0000000,0x00000000e1f56518,0x00000000ed580000)
  from space 20480K, 83% used [0x00000000ed580000,0x00000000ee61d1b8,0x00000000ee980000)
  to   space 22528K, 0% used [0x00000000f1f00000,0x00000000f1f00000,0x00000000f3500000)
 ParOldGen       total 120832K, used 36661K [0x00000000a0000000, 0x00000000a7600000, 0x00000000e0000000)
  object space 120832K, 30% used [0x00000000a0000000,0x00000000a23cd6a8,0x00000000a7600000)
 Metaspace       used 63593K, capacity 66588K, committed 66728K, reserved 1107968K
  class space    used 8490K, capacity 9123K, committed 9136K, reserved 1048576K
GC Heap History (10 events):
Event: 4.583 GC heap before
{Heap before GC invocations=12 (full 2):
 PSYoungGen      total 137728K, used 126464K [0x00000000e0000000, 0x00000000ebf00000, 0x0000000100000000)
  eden space 126464K, 100% used [0x00000000e0000000,0x00000000e7b80000,0x00000000e7b80000)
  from space 11264K, 0% used [0x00000000e7b80000,0x00000000e7b80000,0x00000000e8680000)
  to   space 12800K, 0% used [0x00000000eb280000,0x00000000eb280000,0x00000000ebf00000)
 ParOldGen       total 76800K, used 17660K [0x00000000a0000000, 0x00000000a4b00000, 0x00000000e0000000)
  object space 76800K, 22% used [0x00000000a0000000,0x00000000a113f018,0x00000000a4b00000)
 Metaspace       used 39217K, capacity 41020K, committed 41256K, reserved 1085440K
  class space    used 5404K, capacity 5811K, committed 5936K, reserved 1048576K
Event: 4.593 GC heap after
Heap after GC invocations=12 (full 2):
 PSYoungGen      total 178688K, used 11681K [0x00000000e0000000, 0x00000000ebe00000, 0x0000000100000000)
  eden space 166912K, 0% used [0x00000000e0000000,0x00000000e0000000,0x00000000ea300000)
  from space 11776K, 99% used [0x00000000eb280000,0x00000000ebde8638,0x00000000ebe00000)
  to   space 13824K, 0% used [0x00000000ea300000,0x00000000ea300000,0x00000000eb080000)
 ParOldGen       total 76800K, used 17668K [0x00000000a0000000, 0x00000000a4b00000, 0x00000000e0000000)
  object space 76800K, 23% used [0x00000000a0000000,0x00000000a1141018,0x00000000a4b00000)
 Metaspace       used 39217K, capacity 41020K, committed 41256K, reserved 1085440K
  class space    used 5404K, capacity 5811K, committed 5936K, reserved 1048576K
}
Event: 6.202 GC heap before
{Heap before GC invocations=13 (full 2):
 PSYoungGen      total 178688K, used 178593K [0x00000000e0000000, 0x00000000ebe00000, 0x0000000100000000)
  eden space 166912K, 100% used [0x00000000e0000000,0x00000000ea300000,0x00000000ea300000)
  from space 11776K, 99% used [0x00000000eb280000,0x00000000ebde8638,0x00000000ebe00000)
  to   space 13824K, 0% used [0x00000000ea300000,0x00000000ea300000,0x00000000eb080000)
 ParOldGen       total 76800K, used 17668K [0x00000000a0000000, 0x00000000a4b00000, 0x00000000e0000000)
  object space 76800K, 23% used [0x00000000a0000000,0x00000000a1141018,0x00000000a4b00000)
 Metaspace       used 53934K, capacity 56156K, committed 56232K, reserved 1097728K
  class space    used 7310K, capacity 7814K, committed 7856K, reserved 1048576K
Event: 6.237 GC heap after
Heap after GC invocations=13 (full 2):
 PSYoungGen      total 180736K, used 13811K [0x00000000e0000000, 0x00000000efe00000, 0x0000000100000000)
  eden space 166912K, 0% used [0x00000000e0000000,0x00000000e0000000,0x00000000ea300000)
  from space 13824K, 99% used [0x00000000ea300000,0x00000000eb07cea0,0x00000000eb080000)
  to   space 20992K, 0% used [0x00000000ee980000,0x00000000ee980000,0x00000000efe00000)
 ParOldGen       total 76800K, used 32026K [0x00000000a0000000, 0x00000000a4b00000, 0x00000000e0000000)
  object space 76800K, 41% used [0x00000000a0000000,0x00000000a1f46828,0x00000000a4b00000)
 Metaspace       used 53934K, capacity 56156K, committed 56232K, reserved 1097728K
  class space    used 7310K, capacity 7814K, committed 7856K, reserved 1048576K
}
Event: 6.823 GC heap before
{Heap before GC invocations=14 (full 2):
 PSYoungGen      total 180736K, used 73719K [0x00000000e0000000, 0x00000000efe00000, 0x0000000100000000)
  eden space 166912K, 35% used [0x00000000e0000000,0x00000000e3a81158,0x00000000ea300000)
  from space 13824K, 99% used [0x00000000ea300000,0x00000000eb07cea0,0x00000000eb080000)
  to   space 20992K, 0% used [0x00000000ee980000,0x00000000ee980000,0x00000000efe00000)
 ParOldGen       total 76800K, used 32026K [0x00000000a0000000, 0x00000000a4b00000, 0x00000000e0000000)
  object space 76800K, 41% used [0x00000000a0000000,0x00000000a1f46828,0x00000000a4b00000)
 Metaspace       used 56624K, capacity 59052K, committed 59160K, reserved 1099776K
  class space    used 7757K, capacity 8279K, committed 8368K, reserved 1048576K
Event: 6.848 GC heap after
Heap after GC invocations=14 (full 2):
 PSYoungGen      total 239616K, used 6067K [0x00000000e0000000, 0x00000000f0000000, 0x0000000100000000)
  eden space 218624K, 0% used [0x00000000e0000000,0x00000000e0000000,0x00000000ed580000)
  from space 20992K, 28% used [0x00000000ee980000,0x00000000eef6ceb0,0x00000000efe00000)
  to   space 20480K, 0% used [0x00000000ed580000,0x00000000ed580000,0x00000000ee980000)
 ParOldGen       total 76800K, used 42934K [0x00000000a0000000, 0x00000000a4b00000, 0x00000000e0000000)
  object space 76800K, 55% used [0x00000000a0000000,0x00000000a29edbb0,0x00000000a4b00000)
 Metaspace       used 56624K, capacity 59052K, committed 59160K, reserved 1099776K
  class space    used 7757K, capacity 8279K, committed 8368K, reserved 1048576K
}
Event: 6.848 GC heap before
{Heap before GC invocations=15 (full 3):
 PSYoungGen      total 239616K, used 6067K [0x00000000e0000000, 0x00000000f0000000, 0x0000000100000000)
  eden space 218624K, 0% used [0x00000000e0000000,0x00000000e0000000,0x00000000ed580000)
  from space 20992K, 28% used [0x00000000ee980000,0x00000000eef6ceb0,0x00000000efe00000)
  to   space 20480K, 0% used [0x00000000ed580000,0x00000000ed580000,0x00000000ee980000)
 ParOldGen       total 76800K, used 42934K [0x00000000a0000000, 0x00000000a4b00000, 0x00000000e0000000)
  object space 76800K, 55% used [0x00000000a0000000,0x00000000a29edbb0,0x00000000a4b00000)
 Metaspace       used 56624K, capacity 59052K, committed 59160K, reserved 1099776K
  class space    used 7757K, capacity 8279K, committed 8368K, reserved 1048576K
Event: 7.027 GC heap after
Heap after GC invocations=15 (full 3):
 PSYoungGen      total 239616K, used 0K [0x00000000e0000000, 0x00000000f0000000, 0x0000000100000000)
  eden space 218624K, 0% used [0x00000000e0000000,0x00000000e0000000,0x00000000ed580000)
  from space 20992K, 0% used [0x00000000ee980000,0x00000000ee980000,0x00000000efe00000)
  to   space 20480K, 0% used [0x00000000ed580000,0x00000000ed580000,0x00000000ee980000)
 ParOldGen       total 120832K, used 36653K [0x00000000a0000000, 0x00000000a7600000, 0x00000000e0000000)
  object space 120832K, 30% used [0x00000000a0000000,0x00000000a23cb6a8,0x00000000a7600000)
 Metaspace       used 56594K, capacity 58950K, committed 59160K, reserved 1099776K
  class space    used 7748K, capacity 8262K, committed 8368K, reserved 1048576K
}
Event: 53.349 GC heap before
{Heap before GC invocations=16 (full 3):
 PSYoungGen      total 239616K, used 218624K [0x00000000e0000000, 0x00000000f0000000, 0x0000000100000000)
  eden space 218624K, 100% used [0x00000000e0000000,0x00000000ed580000,0x00000000ed580000)
  from space 20992K, 0% used [0x00000000ee980000,0x00000000ee980000,0x00000000efe00000)
  to   space 20480K, 0% used [0x00000000ed580000,0x00000000ed580000,0x00000000ee980000)
 ParOldGen       total 120832K, used 36653K [0x00000000a0000000, 0x00000000a7600000, 0x00000000e0000000)
  object space 120832K, 30% used [0x00000000a0000000,0x00000000a23cb6a8,0x00000000a7600000)
 Metaspace       used 63475K, capacity 66510K, committed 66728K, reserved 1107968K
  class space    used 8486K, capacity 9120K, committed 9136K, reserved 1048576K
Event: 53.365 GC heap after
Heap after GC invocations=16 (full 3):
 PSYoungGen      total 239104K, used 17012K [0x00000000e0000000, 0x00000000f3500000, 0x0000000100000000)
  eden space 218624K, 0% used [0x00000000e0000000,0x00000000e0000000,0x00000000ed580000)
  from space 20480K, 83% used [0x00000000ed580000,0x00000000ee61d1b8,0x00000000ee980000)
  to   space 22528K, 0% used [0x00000000f1f00000,0x00000000f1f00000,0x00000000f3500000)
 ParOldGen       total 120832K, used 36661K [0x00000000a0000000, 0x00000000a7600000, 0x00000000e0000000)
  object space 120832K, 30% used [0x00000000a0000000,0x00000000a23cd6a8,0x00000000a7600000)
 Metaspace       used 63475K, capacity 66510K, committed 66728K, reserved 1107968K
  class space    used 8486K, capacity 9120K, committed 9136K, reserved 1048576K
}

