# JRE version: OpenJDK Runtime Environment (8.0_242-b01) (build 1.8.0_242-release-1644-b01)
# Java VM: OpenJDK 64-Bit Server VM (25.242-b01 mixed mode windows-amd64 compressed oops)
Heap:
 PSYoungGen      total 371712K, used 9573K [0x00000000e0000000, 0x0000000100000000, 0x0000000100000000)
  eden space 331264K, 0% used [0x00000000e0000000,0x00000000e0000000,0x00000000f4380000)
  from space 40448K, 23% used [0x00000000f4380000,0x00000000f4cd9718,0x00000000f6b00000)
  to   space 38400K, 0% used [0x00000000fda80000,0x00000000fda80000,0x0000000100000000)
 ParOldGen       total 100864K, used 82931K [0x00000000a0000000, 0x00000000a6280000, 0x00000000e0000000)
  object space 100864K, 82% used [0x00000000a0000000,0x00000000a50fcd68,0x00000000a6280000)
 Metaspace       used 72461K, capacity 76544K, committed 76760K, reserved 1116160K
  class space    used 10084K, capacity 10910K, committed 11008K, reserved 1048576K
GC Heap History (10 events):
Event: 10.839 GC heap after
Heap after GC invocations=14 (full 2):
 PSYoungGen      total 276992K, used 4768K [0x00000000e0000000, 0x00000000f2600000, 0x0000000100000000)
  eden space 256000K, 0% used [0x00000000e0000000,0x00000000e0000000,0x00000000efa00000)
  from space 20992K, 22% used [0x00000000f0e00000,0x00000000f12a8258,0x00000000f2280000)
  to   space 20480K, 0% used [0x00000000efa00000,0x00000000efa00000,0x00000000f0e00000)
 ParOldGen       total 66048K, used 43585K [0x00000000a0000000, 0x00000000a4080000, 0x00000000e0000000)
  object space 66048K, 65% used [0x00000000a0000000,0x00000000a2a906c8,0x00000000a4080000)
 Metaspace       used 56515K, capacity 58854K, committed 58968K, reserved 1099776K
  class space    used 7714K, capacity 8241K, committed 8320K, reserved 1048576K
}
Event: 10.839 GC heap before
{Heap before GC invocations=15 (full 3):
 PSYoungGen      total 276992K, used 4768K [0x00000000e0000000, 0x00000000f2600000, 0x0000000100000000)
  eden space 256000K, 0% used [0x00000000e0000000,0x00000000e0000000,0x00000000efa00000)
  from space 20992K, 22% used [0x00000000f0e00000,0x00000000f12a8258,0x00000000f2280000)
  to   space 20480K, 0% used [0x00000000efa00000,0x00000000efa00000,0x00000000f0e00000)
 ParOldGen       total 66048K, used 43585K [0x00000000a0000000, 0x00000000a4080000, 0x00000000e0000000)
  object space 66048K, 65% used [0x00000000a0000000,0x00000000a2a906c8,0x00000000a4080000)
 Metaspace       used 56515K, capacity 58854K, committed 58968K, reserved 1099776K
  class space    used 7714K, capacity 8241K, committed 8320K, reserved 1048576K
Event: 11.004 GC heap after
Heap after GC invocations=15 (full 3):
 PSYoungGen      total 276992K, used 0K [0x00000000e0000000, 0x00000000f2600000, 0x0000000100000000)
  eden space 256000K, 0% used [0x00000000e0000000,0x00000000e0000000,0x00000000efa00000)
  from space 20992K, 0% used [0x00000000f0e00000,0x00000000f0e00000,0x00000000f2280000)
  to   space 20480K, 0% used [0x00000000efa00000,0x00000000efa00000,0x00000000f0e00000)
 ParOldGen       total 100864K, used 34991K [0x00000000a0000000, 0x00000000a6280000, 0x00000000e0000000)
  object space 100864K, 34% used [0x00000000a0000000,0x00000000a222bf28,0x00000000a6280000)
 Metaspace       used 56503K, capacity 58812K, committed 58968K, reserved 1099776K
  class space    used 7710K, capacity 8234K, committed 8320K, reserved 1048576K
}
Event: 13.142 GC heap before
{Heap before GC invocations=16 (full 3):
 PSYoungGen      total 276992K, used 256000K [0x00000000e0000000, 0x00000000f2600000, 0x0000000100000000)
  eden space 256000K, 100% used [0x00000000e0000000,0x00000000efa00000,0x00000000efa00000)
  from space 20992K, 0% used [0x00000000f0e00000,0x00000000f0e00000,0x00000000f2280000)
  to   space 20480K, 0% used [0x00000000efa00000,0x00000000efa00000,0x00000000f0e00000)
 ParOldGen       total 100864K, used 34991K [0x00000000a0000000, 0x00000000a6280000, 0x00000000e0000000)
  object space 100864K, 34% used [0x00000000a0000000,0x00000000a222bf28,0x00000000a6280000)
 Metaspace       used 64404K, capacity 67448K, committed 67544K, reserved 1107968K
  class space    used 8834K, capacity 9434K, committed 9472K, reserved 1048576K
Event: 13.160 GC heap after
Heap after GC invocations=16 (full 3):
 PSYoungGen      total 276480K, used 20473K [0x00000000e0000000, 0x00000000f8300000, 0x0000000100000000)
  eden space 256000K, 0% used [0x00000000e0000000,0x00000000e0000000,0x00000000efa00000)
  from space 20480K, 99% used [0x00000000efa00000,0x00000000f0dfe770,0x00000000f0e00000)
  to   space 24576K, 0% used [0x00000000f6b00000,0x00000000f6b00000,0x00000000f8300000)
 ParOldGen       total 100864K, used 36514K [0x00000000a0000000, 0x00000000a6280000, 0x00000000e0000000)
  object space 100864K, 36% used [0x00000000a0000000,0x00000000a23a89b0,0x00000000a6280000)
 Metaspace       used 64404K, capacity 67448K, committed 67544K, reserved 1107968K
  class space    used 8834K, capacity 9434K, committed 9472K, reserved 1048576K
}
Event: 14.360 GC heap before
{Heap before GC invocations=17 (full 3):
 PSYoungGen      total 276480K, used 276473K [0x00000000e0000000, 0x00000000f8300000, 0x0000000100000000)
  eden space 256000K, 100% used [0x00000000e0000000,0x00000000efa00000,0x00000000efa00000)
  from space 20480K, 99% used [0x00000000efa00000,0x00000000f0dfe770,0x00000000f0e00000)
  to   space 24576K, 0% used [0x00000000f6b00000,0x00000000f6b00000,0x00000000f8300000)
 ParOldGen       total 100864K, used 36514K [0x00000000a0000000, 0x00000000a6280000, 0x00000000e0000000)
  object space 100864K, 36% used [0x00000000a0000000,0x00000000a23a89b0,0x00000000a6280000)
 Metaspace       used 67468K, capacity 70848K, committed 70872K, reserved 1110016K
  class space    used 9285K, capacity 9962K, committed 9984K, reserved 1048576K
Event: 14.417 GC heap after
Heap after GC invocations=17 (full 3):
 PSYoungGen      total 355840K, used 24563K [0x00000000e0000000, 0x00000000fa600000, 0x0000000100000000)
  eden space 331264K, 0% used [0x00000000e0000000,0x00000000e0000000,0x00000000f4380000)
  from space 24576K, 99% used [0x00000000f6b00000,0x00000000f82fcff8,0x00000000f8300000)
  to   space 40448K, 0% used [0x00000000f4380000,0x00000000f4380000,0x00000000f6b00000)
 ParOldGen       total 100864K, used 68924K [0x00000000a0000000, 0x00000000a6280000, 0x00000000e0000000)
  object space 100864K, 68% used [0x00000000a0000000,0x00000000a434f098,0x00000000a6280000)
 Metaspace       used 67468K, capacity 70848K, committed 70872K, reserved 1110016K
  class space    used 9285K, capacity 9962K, committed 9984K, reserved 1048576K
}
Event: 16.671 GC heap before
{Heap before GC invocations=18 (full 3):
 PSYoungGen      total 355840K, used 355827K [0x00000000e0000000, 0x00000000fa600000, 0x0000000100000000)
  eden space 331264K, 100% used [0x00000000e0000000,0x00000000f4380000,0x00000000f4380000)
  from space 24576K, 99% used [0x00000000f6b00000,0x00000000f82fcff8,0x00000000f8300000)
  to   space 40448K, 0% used [0x00000000f4380000,0x00000000f4380000,0x00000000f6b00000)
 ParOldGen       total 100864K, used 68924K [0x00000000a0000000, 0x00000000a6280000, 0x00000000e0000000)
  object space 100864K, 68% used [0x00000000a0000000,0x00000000a434f098,0x00000000a6280000)
 Metaspace       used 72461K, capacity 76544K, committed 76760K, reserved 1116160K
  class space    used 10084K, capacity 10910K, committed 11008K, reserved 1048576K
Event: 16.704 GC heap after
Heap after GC invocations=18 (full 3):
 PSYoungGen      total 371712K, used 9573K [0x00000000e0000000, 0x0000000100000000, 0x0000000100000000)
  eden space 331264K, 0% used [0x00000000e0000000,0x00000000e0000000,0x00000000f4380000)
  from space 40448K, 23% used [0x00000000f4380000,0x00000000f4cd9718,0x00000000f6b00000)
  to   space 38400K, 0% used [0x00000000fda80000,0x00000000fda80000,0x0000000100000000)
 ParOldGen       total 100864K, used 82931K [0x00000000a0000000, 0x00000000a6280000, 0x00000000e0000000)
  object space 100864K, 82% used [0x00000000a0000000,0x00000000a50fcd68,0x00000000a6280000)
 Metaspace       used 72461K, capacity 76544K, committed 76760K, reserved 1116160K
  class space    used 10084K, capacity 10910K, committed 11008K, reserved 1048576K
}
Event: 16.704 GC heap before
{Heap before GC invocations=19 (full 4):
 PSYoungGen      total 371712K, used 9573K [0x00000000e0000000, 0x0000000100000000, 0x0000000100000000)
  eden space 331264K, 0% used [0x00000000e0000000,0x00000000e0000000,0x00000000f4380000)
  from space 40448K, 23% used [0x00000000f4380000,0x00000000f4cd9718,0x00000000f6b00000)
  to   space 38400K, 0% used [0x00000000fda80000,0x00000000fda80000,0x0000000100000000)
 ParOldGen       total 100864K, used 82931K [0x00000000a0000000, 0x00000000a6280000, 0x00000000e0000000)
  object space 100864K, 82% used [0x00000000a0000000,0x00000000a50fcd68,0x00000000a6280000)
 Metaspace       used 72461K, capacity 76544K, committed 76760K, reserved 1116160K
  class space    used 10084K, capacity 10910K, committed 11008K, reserved 1048576K

