# JRE version: OpenJDK Runtime Environment (8.0_242-b01) (build 1.8.0_242-release-1644-b01)
# Java VM: OpenJDK 64-Bit Server VM (25.242-b01 mixed mode windows-amd64 compressed oops)
Heap:
 PSYoungGen      total 384512K, used 384483K [0x00000000e0000000, 0x0000000100000000, 0x0000000100000000)
  eden space 280576K, 100% used [0x00000000e0000000,0x00000000f1200000,0x00000000f1200000)
  from space 103936K, 99% used [0x00000000f9a80000,0x00000000ffff8cd0,0x0000000100000000)
  to   space 121856K, 99% used [0x00000000f1200000,0x00000000f88fcf70,0x00000000f8900000)
 ParOldGen       total 239104K, used 237440K [0x00000000a0000000, 0x00000000ae980000, 0x00000000e0000000)
  object space 239104K, 99% used [0x00000000a0000000,0x00000000ae7e0070,0x00000000ae980000)
 Metaspace       used 105812K, capacity 111042K, committed 111360K, reserved 1146880K
  class space    used 13736K, capacity 14769K, committed 14848K, reserved 1048576K
GC Heap History (10 events):
Event: 2263.060 GC heap after
Heap after GC invocations=22 (full 4):
 PSYoungGen      total 443904K, used 42558K [0x00000000e0000000, 0x00000000ffb80000, 0x0000000100000000)
  eden space 381440K, 0% used [0x00000000e0000000,0x00000000e0000000,0x00000000f7480000)
  from space 62464K, 68% used [0x00000000fbe80000,0x00000000fe80fbe0,0x00000000ffb80000)
  to   space 69120K, 0% used [0x00000000f7480000,0x00000000f7480000,0x00000000fb800000)
 ParOldGen       total 239104K, used 116876K [0x00000000a0000000, 0x00000000ae980000, 0x00000000e0000000)
  object space 239104K, 48% used [0x00000000a0000000,0x00000000a72231c8,0x00000000ae980000)
 Metaspace       used 103374K, capacity 108140K, committed 108416K, reserved 1142784K
  class space    used 13638K, capacity 14624K, committed 14720K, reserved 1048576K
}
Event: 2492.280 GC heap before
{Heap before GC invocations=23 (full 4):
 PSYoungGen      total 443904K, used 423998K [0x00000000e0000000, 0x00000000ffb80000, 0x0000000100000000)
  eden space 381440K, 100% used [0x00000000e0000000,0x00000000f7480000,0x00000000f7480000)
  from space 62464K, 68% used [0x00000000fbe80000,0x00000000fe80fbe0,0x00000000ffb80000)
  to   space 69120K, 0% used [0x00000000f7480000,0x00000000f7480000,0x00000000fb800000)
 ParOldGen       total 239104K, used 116876K [0x00000000a0000000, 0x00000000ae980000, 0x00000000e0000000)
  object space 239104K, 48% used [0x00000000a0000000,0x00000000a72231c8,0x00000000ae980000)
 Metaspace       used 104045K, capacity 109076K, committed 109312K, reserved 1144832K
  class space    used 13697K, capacity 14722K, committed 14848K, reserved 1048576K
Event: 2492.351 GC heap after
Heap after GC invocations=23 (full 4):
 PSYoungGen      total 450560K, used 37552K [0x00000000e0000000, 0x0000000100000000, 0x0000000100000000)
  eden space 381440K, 0% used [0x00000000e0000000,0x00000000e0000000,0x00000000f7480000)
  from space 69120K, 54% used [0x00000000f7480000,0x00000000f992c308,0x00000000fb800000)
  to   space 68608K, 0% used [0x00000000fbd00000,0x00000000fbd00000,0x0000000100000000)
 ParOldGen       total 239104K, used 116884K [0x00000000a0000000, 0x00000000ae980000, 0x00000000e0000000)
  object space 239104K, 48% used [0x00000000a0000000,0x00000000a72251c8,0x00000000ae980000)
 Metaspace       used 104045K, capacity 109076K, committed 109312K, reserved 1144832K
  class space    used 13697K, capacity 14722K, committed 14848K, reserved 1048576K
}
Event: 2494.291 GC heap before
{Heap before GC invocations=24 (full 4):
 PSYoungGen      total 450560K, used 418992K [0x00000000e0000000, 0x0000000100000000, 0x0000000100000000)
  eden space 381440K, 100% used [0x00000000e0000000,0x00000000f7480000,0x00000000f7480000)
  from space 69120K, 54% used [0x00000000f7480000,0x00000000f992c308,0x00000000fb800000)
  to   space 68608K, 0% used [0x00000000fbd00000,0x00000000fbd00000,0x0000000100000000)
 ParOldGen       total 239104K, used 116884K [0x00000000a0000000, 0x00000000ae980000, 0x00000000e0000000)
  object space 239104K, 48% used [0x00000000a0000000,0x00000000a72251c8,0x00000000ae980000)
 Metaspace       used 105019K, capacity 110002K, committed 110336K, reserved 1144832K
  class space    used 13714K, capacity 14731K, committed 14848K, reserved 1048576K
Event: 2494.422 GC heap after
Heap after GC invocations=24 (full 4):
 PSYoungGen      total 405504K, used 68583K [0x00000000e0000000, 0x0000000100000000, 0x0000000100000000)
  eden space 336896K, 0% used [0x00000000e0000000,0x00000000e0000000,0x00000000f4900000)
  from space 68608K, 99% used [0x00000000fbd00000,0x00000000ffff9f08,0x0000000100000000)
  to   space 93696K, 0% used [0x00000000f4900000,0x00000000f4900000,0x00000000fa480000)
 ParOldGen       total 239104K, used 156109K [0x00000000a0000000, 0x00000000ae980000, 0x00000000e0000000)
  object space 239104K, 65% used [0x00000000a0000000,0x00000000a9873618,0x00000000ae980000)
 Metaspace       used 105019K, capacity 110002K, committed 110336K, reserved 1144832K
  class space    used 13714K, capacity 14731K, committed 14848K, reserved 1048576K
}
Event: 2654.371 GC heap before
{Heap before GC invocations=25 (full 4):
 PSYoungGen      total 405504K, used 405479K [0x00000000e0000000, 0x0000000100000000, 0x0000000100000000)
  eden space 336896K, 100% used [0x00000000e0000000,0x00000000f4900000,0x00000000f4900000)
  from space 68608K, 99% used [0x00000000fbd00000,0x00000000ffff9f08,0x0000000100000000)
  to   space 93696K, 0% used [0x00000000f4900000,0x00000000f4900000,0x00000000fa480000)
 ParOldGen       total 239104K, used 156109K [0x00000000a0000000, 0x00000000ae980000, 0x00000000e0000000)
  object space 239104K, 65% used [0x00000000a0000000,0x00000000a9873618,0x00000000ae980000)
 Metaspace       used 105232K, capacity 110318K, committed 110592K, reserved 1144832K
  class space    used 13719K, capacity 14741K, committed 14848K, reserved 1048576K
Event: 2654.466 GC heap after
Heap after GC invocations=25 (full 4):
 PSYoungGen      total 416768K, used 79843K [0x00000000e0000000, 0x0000000100000000, 0x0000000100000000)
  eden space 336896K, 0% used [0x00000000e0000000,0x00000000e0000000,0x00000000f4900000)
  from space 79872K, 99% used [0x00000000f4900000,0x00000000f96f8f40,0x00000000f9700000)
  to   space 103936K, 0% used [0x00000000f9a80000,0x00000000f9a80000,0x0000000100000000)
 ParOldGen       total 239104K, used 182768K [0x00000000a0000000, 0x00000000ae980000, 0x00000000e0000000)
  object space 239104K, 76% used [0x00000000a0000000,0x00000000ab27c148,0x00000000ae980000)
 Metaspace       used 105232K, capacity 110318K, committed 110592K, reserved 1144832K
  class space    used 13719K, capacity 14741K, committed 14848K, reserved 1048576K
}
Event: 2656.045 GC heap before
{Heap before GC invocations=26 (full 4):
 PSYoungGen      total 416768K, used 416730K [0x00000000e0000000, 0x0000000100000000, 0x0000000100000000)
  eden space 336896K, 99% used [0x00000000e0000000,0x00000000f48fdb78,0x00000000f4900000)
  from space 79872K, 99% used [0x00000000f4900000,0x00000000f96f8f40,0x00000000f9700000)
  to   space 103936K, 0% used [0x00000000f9a80000,0x00000000f9a80000,0x0000000100000000)
 ParOldGen       total 239104K, used 182768K [0x00000000a0000000, 0x00000000ae980000, 0x00000000e0000000)
  object space 239104K, 76% used [0x00000000a0000000,0x00000000ab27c148,0x00000000ae980000)
 Metaspace       used 105805K, capacity 111038K, committed 111360K, reserved 1146880K
  class space    used 13736K, capacity 14769K, committed 14848K, reserved 1048576K
Event: 2656.170 GC heap after
Heap after GC invocations=26 (full 4):
 PSYoungGen      total 384512K, used 103907K [0x00000000e0000000, 0x0000000100000000, 0x0000000100000000)
  eden space 280576K, 0% used [0x00000000e0000000,0x00000000e0000000,0x00000000f1200000)
  from space 103936K, 99% used [0x00000000f9a80000,0x00000000ffff8cd0,0x0000000100000000)
  to   space 121856K, 0% used [0x00000000f1200000,0x00000000f1200000,0x00000000f8900000)
 ParOldGen       total 239104K, used 185874K [0x00000000a0000000, 0x00000000ae980000, 0x00000000e0000000)
  object space 239104K, 77% used [0x00000000a0000000,0x00000000ab584808,0x00000000ae980000)
 Metaspace       used 105805K, capacity 111038K, committed 111360K, reserved 1146880K
  class space    used 13736K, capacity 14769K, committed 14848K, reserved 1048576K
}
Event: 2657.014 GC heap before
{Heap before GC invocations=27 (full 4):
 PSYoungGen      total 384512K, used 384483K [0x00000000e0000000, 0x0000000100000000, 0x0000000100000000)
  eden space 280576K, 100% used [0x00000000e0000000,0x00000000f1200000,0x00000000f1200000)
  from space 103936K, 99% used [0x00000000f9a80000,0x00000000ffff8cd0,0x0000000100000000)
  to   space 121856K, 0% used [0x00000000f1200000,0x00000000f1200000,0x00000000f8900000)
 ParOldGen       total 239104K, used 185874K [0x00000000a0000000, 0x00000000ae980000, 0x00000000e0000000)
  object space 239104K, 77% used [0x00000000a0000000,0x00000000ab584808,0x00000000ae980000)
 Metaspace       used 105812K, capacity 111042K, committed 111360K, reserved 1146880K
  class space    used 13736K, capacity 14769K, committed 14848K, reserved 1048576K

