# JRE version: OpenJDK Runtime Environment (11.0.8+10) (build 11.0.8+10-b944.6842174)
# Java VM: OpenJDK 64-Bit Server VM (11.0.8+10-b944.6842174, mixed mode, tiered, compressed oops, g1 gc, windows-amd64)
Heap:
 garbage-first heap   total 350208K, used 154699K [0x00000000a0000000, 0x0000000100000000)
  region size 1024K, 2 young (2048K), 1 survivors (1024K)
 Metaspace       used 127292K, capacity 130016K, committed 130816K, reserved 1163264K
  class space    used 15157K, capacity 16111K, committed 16384K, reserved 1048576K
GC Heap History (20 events):
Event: 5230.918 GC heap after
{Heap after GC invocations=92 (full 0):
 garbage-first heap   total 350208K, used 160768K [0x00000000a0000000, 0x0000000100000000)
  region size 1024K, 7 young (7168K), 7 survivors (7168K)
 Metaspace       used 117676K, capacity 120073K, committed 121600K, reserved 1155072K
  class space    used 14109K, capacity 14964K, committed 15360K, reserved 1048576K
}
Event: 5230.975 GC heap before
{Heap before GC invocations=92 (full 0):
 garbage-first heap   total 350208K, used 171008K [0x00000000a0000000, 0x0000000100000000)
  region size 1024K, 17 young (17408K), 7 survivors (7168K)
 Metaspace       used 117691K, capacity 120073K, committed 121600K, reserved 1155072K
  class space    used 14109K, capacity 14964K, committed 15360K, reserved 1048576K
}
Event: 5230.994 GC heap after
{Heap after GC invocations=93 (full 0):
 garbage-first heap   total 350208K, used 143625K [0x00000000a0000000, 0x0000000100000000)
  region size 1024K, 2 young (2048K), 2 survivors (2048K)
 Metaspace       used 117691K, capacity 120073K, committed 121600K, reserved 1155072K
  class space    used 14109K, capacity 14964K, committed 15360K, reserved 1048576K
}
Event: 5234.500 GC heap before
{Heap before GC invocations=93 (full 0):
 garbage-first heap   total 350208K, used 261385K [0x00000000a0000000, 0x0000000100000000)
  region size 1024K, 117 young (119808K), 2 survivors (2048K)
 Metaspace       used 122195K, capacity 124645K, committed 125952K, reserved 1159168K
  class space    used 14629K, capacity 15505K, committed 15872K, reserved 1048576K
}
Event: 5234.507 GC heap after
{Heap after GC invocations=94 (full 0):
 garbage-first heap   total 350208K, used 144676K [0x00000000a0000000, 0x0000000100000000)
  region size 1024K, 3 young (3072K), 3 survivors (3072K)
 Metaspace       used 122195K, capacity 124645K, committed 125952K, reserved 1159168K
  class space    used 14629K, capacity 15505K, committed 15872K, reserved 1048576K
}
Event: 5236.170 GC heap before
{Heap before GC invocations=94 (full 0):
 garbage-first heap   total 350208K, used 267556K [0x00000000a0000000, 0x0000000100000000)
  region size 1024K, 123 young (125952K), 3 survivors (3072K)
 Metaspace       used 123337K, capacity 125816K, committed 127104K, reserved 1161216K
  class space    used 14753K, capacity 15634K, committed 16000K, reserved 1048576K
}
Event: 5236.179 GC heap after
{Heap after GC invocations=95 (full 0):
 garbage-first heap   total 350208K, used 148387K [0x00000000a0000000, 0x0000000100000000)
  region size 1024K, 6 young (6144K), 6 survivors (6144K)
 Metaspace       used 123337K, capacity 125816K, committed 127104K, reserved 1161216K
  class space    used 14753K, capacity 15634K, committed 16000K, reserved 1048576K
}
Event: 5237.515 GC heap before
{Heap before GC invocations=95 (full 0):
 garbage-first heap   total 350208K, used 273315K [0x00000000a0000000, 0x0000000100000000)
  region size 1024K, 129 young (132096K), 6 survivors (6144K)
 Metaspace       used 123879K, capacity 126369K, committed 127360K, reserved 1161216K
  class space    used 14802K, capacity 15702K, committed 16000K, reserved 1048576K
}
Event: 5237.532 GC heap after
{Heap after GC invocations=96 (full 0):
 garbage-first heap   total 350208K, used 157560K [0x00000000a0000000, 0x0000000100000000)
  region size 1024K, 15 young (15360K), 15 survivors (15360K)
 Metaspace       used 123879K, capacity 126369K, committed 127360K, reserved 1161216K
  class space    used 14802K, capacity 15702K, committed 16000K, reserved 1048576K
}
Event: 5240.017 GC heap before
{Heap before GC invocations=96 (full 0):
 garbage-first heap   total 350208K, used 278392K [0x00000000a0000000, 0x0000000100000000)
  region size 1024K, 134 young (137216K), 15 survivors (15360K)
 Metaspace       used 124475K, capacity 127098K, committed 128128K, reserved 1161216K
  class space    used 14858K, capacity 15759K, committed 16000K, reserved 1048576K
}
Event: 5240.029 GC heap after
{Heap after GC invocations=97 (full 0):
 garbage-first heap   total 350208K, used 155889K [0x00000000a0000000, 0x0000000100000000)
  region size 1024K, 7 young (7168K), 7 survivors (7168K)
 Metaspace       used 124475K, capacity 127098K, committed 128128K, reserved 1161216K
  class space    used 14858K, capacity 15759K, committed 16000K, reserved 1048576K
}
Event: 5240.735 GC heap before
{Heap before GC invocations=97 (full 0):
 garbage-first heap   total 350208K, used 279793K [0x00000000a0000000, 0x0000000100000000)
  region size 1024K, 129 young (132096K), 7 survivors (7168K)
 Metaspace       used 124736K, capacity 127268K, committed 128256K, reserved 1161216K
  class space    used 14884K, capacity 15793K, committed 16128K, reserved 1048576K
}
Event: 5240.739 GC heap after
{Heap after GC invocations=98 (full 0):
 garbage-first heap   total 350208K, used 153188K [0x00000000a0000000, 0x0000000100000000)
  region size 1024K, 5 young (5120K), 5 survivors (5120K)
 Metaspace       used 124736K, capacity 127268K, committed 128256K, reserved 1161216K
  class space    used 14884K, capacity 15793K, committed 16128K, reserved 1048576K
}
Event: 5241.399 GC heap before
{Heap before GC invocations=98 (full 0):
 garbage-first heap   total 350208K, used 283236K [0x00000000a0000000, 0x0000000100000000)
  region size 1024K, 132 young (135168K), 5 survivors (5120K)
 Metaspace       used 124785K, capacity 127332K, committed 128256K, reserved 1161216K
  class space    used 14885K, capacity 15793K, committed 16128K, reserved 1048576K
}
Event: 5241.403 GC heap after
{Heap after GC invocations=99 (full 0):
 garbage-first heap   total 350208K, used 152265K [0x00000000a0000000, 0x0000000100000000)
  region size 1024K, 4 young (4096K), 4 survivors (4096K)
 Metaspace       used 124785K, capacity 127332K, committed 128256K, reserved 1161216K
  class space    used 14885K, capacity 15793K, committed 16128K, reserved 1048576K
}
Event: 5242.024 GC heap before
{Heap before GC invocations=99 (full 0):
 garbage-first heap   total 350208K, used 291529K [0x00000000a0000000, 0x0000000100000000)
  region size 1024K, 135 young (138240K), 4 survivors (4096K)
 Metaspace       used 124951K, capacity 127586K, committed 128512K, reserved 1161216K
  class space    used 14904K, capacity 15833K, committed 16128K, reserved 1048576K
}
Event: 5242.033 GC heap after
{Heap after GC invocations=100 (full 0):
 garbage-first heap   total 350208K, used 153674K [0x00000000a0000000, 0x0000000100000000)
  region size 1024K, 5 young (5120K), 5 survivors (5120K)
 Metaspace       used 124951K, capacity 127586K, committed 128512K, reserved 1161216K
  class space    used 14904K, capacity 15833K, committed 16128K, reserved 1048576K
}
Event: 5242.701 GC heap before
{Heap before GC invocations=101 (full 0):
 garbage-first heap   total 350208K, used 279626K [0x00000000a0000000, 0x0000000100000000)
  region size 1024K, 138 young (141312K), 5 survivors (5120K)
 Metaspace       used 127292K, capacity 130016K, committed 130816K, reserved 1163264K
  class space    used 15157K, capacity 16111K, committed 16384K, reserved 1048576K
}
Event: 5242.719 GC heap after
{Heap after GC invocations=102 (full 0):
 garbage-first heap   total 350208K, used 153677K [0x00000000a0000000, 0x0000000100000000)
  region size 1024K, 18 young (18432K), 18 survivors (18432K)
 Metaspace       used 127292K, capacity 130016K, committed 130816K, reserved 1163264K
  class space    used 15157K, capacity 16111K, committed 16384K, reserved 1048576K
}
Event: 5242.726 GC heap before
{Heap before GC invocations=102 (full 0):
 garbage-first heap   total 350208K, used 153677K [0x00000000a0000000, 0x0000000100000000)
  region size 1024K, 19 young (19456K), 18 survivors (18432K)
 Metaspace       used 127292K, capacity 130016K, committed 130816K, reserved 1163264K
  class space    used 15157K, capacity 16111K, committed 16384K, reserved 1048576K
}

