# JRE version: OpenJDK Runtime Environment (8.0_242-b01) (build 1.8.0_242-release-1644-b01)
# Java VM: OpenJDK 64-Bit Server VM (25.242-b01 mixed mode windows-amd64 compressed oops)
Heap:
 PSYoungGen      total 290304K, used 20449K [0x00000000e0000000, 0x00000000f5100000, 0x0000000100000000)
  eden space 251904K, 8% used [0x00000000e0000000,0x00000000e13f8598,0x00000000ef600000)
  from space 38400K, 0% used [0x00000000ef600000,0x00000000ef600000,0x00000000f1b80000)
  to   space 34816K, 0% used [0x00000000f1b80000,0x00000000f1b80000,0x00000000f3d80000)
 ParOldGen       total 125440K, used 86647K [0x00000000a0000000, 0x00000000a7a80000, 0x00000000e0000000)
  object space 125440K, 69% used [0x00000000a0000000,0x00000000a549dff8,0x00000000a7a80000)
 Metaspace       used 97248K, capacity 101946K, committed 102144K, reserved 1138688K
  class space    used 12686K, capacity 13719K, committed 13824K, reserved 1048576K
GC Heap History (10 events):
Event: 1185.695 GC heap before
{Heap before GC invocations=20 (full 3):
 PSYoungGen      total 286720K, used 281666K [0x00000000e0000000, 0x00000000f5100000, 0x0000000100000000)
  eden space 251904K, 100% used [0x00000000e0000000,0x00000000ef600000,0x00000000ef600000)
  from space 34816K, 85% used [0x00000000f1b80000,0x00000000f3890978,0x00000000f3d80000)
  to   space 38400K, 0% used [0x00000000ef600000,0x00000000ef600000,0x00000000f1b80000)
 ParOldGen       total 125440K, used 69942K [0x00000000a0000000, 0x00000000a7a80000, 0x00000000e0000000)
  object space 125440K, 55% used [0x00000000a0000000,0x00000000a444d870,0x00000000a7a80000)
 Metaspace       used 90049K, capacity 94586K, committed 94848K, reserved 1130496K
  class space    used 11890K, capacity 12878K, committed 12928K, reserved 1048576K
Event: 1185.721 GC heap after
Heap after GC invocations=20 (full 3):
 PSYoungGen      total 290304K, used 38368K [0x00000000e0000000, 0x00000000f5100000, 0x0000000100000000)
  eden space 251904K, 0% used [0x00000000e0000000,0x00000000e0000000,0x00000000ef600000)
  from space 38400K, 99% used [0x00000000ef600000,0x00000000f1b78240,0x00000000f1b80000)
  to   space 34816K, 0% used [0x00000000f1b80000,0x00000000f1b80000,0x00000000f3d80000)
 ParOldGen       total 125440K, used 76615K [0x00000000a0000000, 0x00000000a7a80000, 0x00000000e0000000)
  object space 125440K, 61% used [0x00000000a0000000,0x00000000a4ad1fe0,0x00000000a7a80000)
 Metaspace       used 90049K, capacity 94586K, committed 94848K, reserved 1130496K
  class space    used 11890K, capacity 12878K, committed 12928K, reserved 1048576K
}
Event: 1188.834 GC heap before
{Heap before GC invocations=21 (full 3):
 PSYoungGen      total 290304K, used 221411K [0x00000000e0000000, 0x00000000f5100000, 0x0000000100000000)
  eden space 251904K, 72% used [0x00000000e0000000,0x00000000eb2c0bd0,0x00000000ef600000)
  from space 38400K, 99% used [0x00000000ef600000,0x00000000f1b78240,0x00000000f1b80000)
  to   space 34816K, 0% used [0x00000000f1b80000,0x00000000f1b80000,0x00000000f3d80000)
 ParOldGen       total 125440K, used 76615K [0x00000000a0000000, 0x00000000a7a80000, 0x00000000e0000000)
  object space 125440K, 61% used [0x00000000a0000000,0x00000000a4ad1fe0,0x00000000a7a80000)
 Metaspace       used 93768K, capacity 98420K, committed 98496K, reserved 1134592K
  class space    used 12292K, capacity 13287K, committed 13312K, reserved 1048576K
Event: 1188.860 GC heap after
Heap after GC invocations=21 (full 3):
 PSYoungGen      total 286720K, used 13252K [0x00000000e0000000, 0x00000000f5100000, 0x0000000100000000)
  eden space 251904K, 0% used [0x00000000e0000000,0x00000000e0000000,0x00000000ef600000)
  from space 34816K, 38% used [0x00000000f1b80000,0x00000000f2871120,0x00000000f3d80000)
  to   space 38400K, 0% used [0x00000000ef600000,0x00000000ef600000,0x00000000f1b80000)
 ParOldGen       total 125440K, used 103462K [0x00000000a0000000, 0x00000000a7a80000, 0x00000000e0000000)
  object space 125440K, 82% used [0x00000000a0000000,0x00000000a6509820,0x00000000a7a80000)
 Metaspace       used 93768K, capacity 98420K, committed 98496K, reserved 1134592K
  class space    used 12292K, capacity 13287K, committed 13312K, reserved 1048576K
}
Event: 1188.860 GC heap before
{Heap before GC invocations=22 (full 4):
 PSYoungGen      total 286720K, used 13252K [0x00000000e0000000, 0x00000000f5100000, 0x0000000100000000)
  eden space 251904K, 0% used [0x00000000e0000000,0x00000000e0000000,0x00000000ef600000)
  from space 34816K, 38% used [0x00000000f1b80000,0x00000000f2871120,0x00000000f3d80000)
  to   space 38400K, 0% used [0x00000000ef600000,0x00000000ef600000,0x00000000f1b80000)
 ParOldGen       total 125440K, used 103462K [0x00000000a0000000, 0x00000000a7a80000, 0x00000000e0000000)
  object space 125440K, 82% used [0x00000000a0000000,0x00000000a6509820,0x00000000a7a80000)
 Metaspace       used 93768K, capacity 98420K, committed 98496K, reserved 1134592K
  class space    used 12292K, capacity 13287K, committed 13312K, reserved 1048576K
Event: 1189.073 GC heap after
Heap after GC invocations=22 (full 4):
 PSYoungGen      total 286720K, used 0K [0x00000000e0000000, 0x00000000f5100000, 0x0000000100000000)
  eden space 251904K, 0% used [0x00000000e0000000,0x00000000e0000000,0x00000000ef600000)
  from space 34816K, 0% used [0x00000000f1b80000,0x00000000f1b80000,0x00000000f3d80000)
  to   space 38400K, 0% used [0x00000000ef600000,0x00000000ef600000,0x00000000f1b80000)
 ParOldGen       total 125440K, used 82275K [0x00000000a0000000, 0x00000000a7a80000, 0x00000000e0000000)
  object space 125440K, 65% used [0x00000000a0000000,0x00000000a5058d70,0x00000000a7a80000)
 Metaspace       used 93736K, capacity 98318K, committed 98496K, reserved 1134592K
  class space    used 12282K, capacity 13270K, committed 13312K, reserved 1048576K
}
Event: 1189.321 GC heap before
{Heap before GC invocations=23 (full 4):
 PSYoungGen      total 286720K, used 16398K [0x00000000e0000000, 0x00000000f5100000, 0x0000000100000000)
  eden space 251904K, 6% used [0x00000000e0000000,0x00000000e1003980,0x00000000ef600000)
  from space 34816K, 0% used [0x00000000f1b80000,0x00000000f1b80000,0x00000000f3d80000)
  to   space 38400K, 0% used [0x00000000ef600000,0x00000000ef600000,0x00000000f1b80000)
 ParOldGen       total 125440K, used 82275K [0x00000000a0000000, 0x00000000a7a80000, 0x00000000e0000000)
  object space 125440K, 65% used [0x00000000a0000000,0x00000000a5058d70,0x00000000a7a80000)
 Metaspace       used 96089K, capacity 100732K, committed 100864K, reserved 1140736K
  class space    used 12540K, capacity 13567K, committed 13568K, reserved 1048576K
Event: 1189.325 GC heap after
Heap after GC invocations=23 (full 4):
 PSYoungGen      total 290304K, used 7466K [0x00000000e0000000, 0x00000000f5100000, 0x0000000100000000)
  eden space 251904K, 0% used [0x00000000e0000000,0x00000000e0000000,0x00000000ef600000)
  from space 38400K, 19% used [0x00000000ef600000,0x00000000efd4a978,0x00000000f1b80000)
  to   space 34816K, 0% used [0x00000000f1b80000,0x00000000f1b80000,0x00000000f3d80000)
 ParOldGen       total 125440K, used 82283K [0x00000000a0000000, 0x00000000a7a80000, 0x00000000e0000000)
  object space 125440K, 65% used [0x00000000a0000000,0x00000000a505ad70,0x00000000a7a80000)
 Metaspace       used 96089K, capacity 100732K, committed 100864K, reserved 1140736K
  class space    used 12540K, capacity 13567K, committed 13568K, reserved 1048576K
}
Event: 1189.325 GC heap before
{Heap before GC invocations=24 (full 5):
 PSYoungGen      total 290304K, used 7466K [0x00000000e0000000, 0x00000000f5100000, 0x0000000100000000)
  eden space 251904K, 0% used [0x00000000e0000000,0x00000000e0000000,0x00000000ef600000)
  from space 38400K, 19% used [0x00000000ef600000,0x00000000efd4a978,0x00000000f1b80000)
  to   space 34816K, 0% used [0x00000000f1b80000,0x00000000f1b80000,0x00000000f3d80000)
 ParOldGen       total 125440K, used 82283K [0x00000000a0000000, 0x00000000a7a80000, 0x00000000e0000000)
  object space 125440K, 65% used [0x00000000a0000000,0x00000000a505ad70,0x00000000a7a80000)
 Metaspace       used 96089K, capacity 100732K, committed 100864K, reserved 1140736K
  class space    used 12540K, capacity 13567K, committed 13568K, reserved 1048576K
Event: 1189.450 GC heap after
Heap after GC invocations=24 (full 5):
 PSYoungGen      total 290304K, used 0K [0x00000000e0000000, 0x00000000f5100000, 0x0000000100000000)
  eden space 251904K, 0% used [0x00000000e0000000,0x00000000e0000000,0x00000000ef600000)
  from space 38400K, 0% used [0x00000000ef600000,0x00000000ef600000,0x00000000f1b80000)
  to   space 34816K, 0% used [0x00000000f1b80000,0x00000000f1b80000,0x00000000f3d80000)
 ParOldGen       total 125440K, used 86647K [0x00000000a0000000, 0x00000000a7a80000, 0x00000000e0000000)
  object space 125440K, 69% used [0x00000000a0000000,0x00000000a549dff8,0x00000000a7a80000)
 Metaspace       used 96089K, capacity 100732K, committed 100864K, reserved 1138688K
  class space    used 12540K, capacity 13567K, committed 13568K, reserved 1048576K
}

