# JRE version: OpenJDK Runtime Environment (8.0_242-b01) (build 1.8.0_242-release-1644-b01)
# Java VM: OpenJDK 64-Bit Server VM (25.242-b01 mixed mode windows-amd64 compressed oops)
Heap:
 PSYoungGen      total 281088K, used 73200K [0x00000000e0000000, 0x0000000100000000, 0x0000000100000000)
  eden space 207872K, 0% used [0x00000000e0000000,0x00000000e0000000,0x00000000ecb00000)
  from space 73216K, 99% used [0x00000000fb880000,0x00000000ffffc2f0,0x0000000100000000)
  to   space 158208K, 0% used [0x00000000ecb00000,0x00000000ecb00000,0x00000000f6580000)
 ParOldGen       total 301056K, used 300959K [0x00000000a0000000, 0x00000000b2600000, 0x00000000e0000000)
  object space 301056K, 99% used [0x00000000a0000000,0x00000000b25e7fd8,0x00000000b2600000)
 Metaspace       used 144081K, capacity 150633K, committed 150784K, reserved 1179648K
  class space    used 18625K, capacity 19953K, committed 19968K, reserved 1048576K
GC Heap History (10 events):
Event: 5092.370 GC heap after
Heap after GC invocations=24 (full 4):
 PSYoungGen      total 391168K, used 49500K [0x00000000e0000000, 0x00000000fcd00000, 0x0000000100000000)
  eden space 329728K, 0% used [0x00000000e0000000,0x00000000e0000000,0x00000000f4200000)
  from space 61440K, 80% used [0x00000000f8380000,0x00000000fb3d7088,0x00000000fbf80000)
  to   space 67072K, 0% used [0x00000000f4200000,0x00000000f4200000,0x00000000f8380000)
 ParOldGen       total 225792K, used 98493K [0x00000000a0000000, 0x00000000adc80000, 0x00000000e0000000)
  object space 225792K, 43% used [0x00000000a0000000,0x00000000a602f4b8,0x00000000adc80000)
 Metaspace       used 132932K, capacity 137895K, committed 138496K, reserved 1169408K
  class space    used 17077K, capacity 18122K, committed 18176K, reserved 1048576K
}
Event: 5093.369 GC heap before
{Heap before GC invocations=25 (full 4):
 PSYoungGen      total 391168K, used 379228K [0x00000000e0000000, 0x00000000fcd00000, 0x0000000100000000)
  eden space 329728K, 100% used [0x00000000e0000000,0x00000000f4200000,0x00000000f4200000)
  from space 61440K, 80% used [0x00000000f8380000,0x00000000fb3d7088,0x00000000fbf80000)
  to   space 67072K, 0% used [0x00000000f4200000,0x00000000f4200000,0x00000000f8380000)
 ParOldGen       total 225792K, used 98493K [0x00000000a0000000, 0x00000000adc80000, 0x00000000e0000000)
  object space 225792K, 43% used [0x00000000a0000000,0x00000000a602f4b8,0x00000000adc80000)
 Metaspace       used 133997K, capacity 139019K, committed 139648K, reserved 1171456K
  class space    used 17171K, capacity 18268K, committed 18304K, reserved 1048576K
Event: 5093.416 GC heap after
Heap after GC invocations=25 (full 4):
 PSYoungGen      total 396800K, used 32437K [0x00000000e0000000, 0x0000000100000000, 0x0000000100000000)
  eden space 329728K, 0% used [0x00000000e0000000,0x00000000e0000000,0x00000000f4200000)
  from space 67072K, 48% used [0x00000000f4200000,0x00000000f61ad5e8,0x00000000f8380000)
  to   space 65024K, 0% used [0x00000000fc080000,0x00000000fc080000,0x0000000100000000)
 ParOldGen       total 225792K, used 109855K [0x00000000a0000000, 0x00000000adc80000, 0x00000000e0000000)
  object space 225792K, 48% used [0x00000000a0000000,0x00000000a6b47e48,0x00000000adc80000)
 Metaspace       used 133997K, capacity 139019K, committed 139648K, reserved 1171456K
  class space    used 17171K, capacity 18268K, committed 18304K, reserved 1048576K
}
Event: 5095.025 GC heap before
{Heap before GC invocations=26 (full 4):
 PSYoungGen      total 396800K, used 362165K [0x00000000e0000000, 0x0000000100000000, 0x0000000100000000)
  eden space 329728K, 100% used [0x00000000e0000000,0x00000000f4200000,0x00000000f4200000)
  from space 67072K, 48% used [0x00000000f4200000,0x00000000f61ad5e8,0x00000000f8380000)
  to   space 65024K, 0% used [0x00000000fc080000,0x00000000fc080000,0x0000000100000000)
 ParOldGen       total 225792K, used 109855K [0x00000000a0000000, 0x00000000adc80000, 0x00000000e0000000)
  object space 225792K, 48% used [0x00000000a0000000,0x00000000a6b47e48,0x00000000adc80000)
 Metaspace       used 141628K, capacity 147703K, committed 147840K, reserved 1177600K
  class space    used 18291K, capacity 19554K, committed 19584K, reserved 1048576K
Event: 5095.082 GC heap after
Heap after GC invocations=26 (full 4):
 PSYoungGen      total 442880K, used 58822K [0x00000000e0000000, 0x0000000100000000, 0x0000000100000000)
  eden space 377856K, 0% used [0x00000000e0000000,0x00000000e0000000,0x00000000f7100000)
  from space 65024K, 90% used [0x00000000fc080000,0x00000000ff9f1960,0x0000000100000000)
  to   space 73216K, 0% used [0x00000000f7100000,0x00000000f7100000,0x00000000fb880000)
 ParOldGen       total 225792K, used 118146K [0x00000000a0000000, 0x00000000adc80000, 0x00000000e0000000)
  object space 225792K, 52% used [0x00000000a0000000,0x00000000a7360b68,0x00000000adc80000)
 Metaspace       used 141628K, capacity 147703K, committed 147840K, reserved 1177600K
  class space    used 18291K, capacity 19554K, committed 19584K, reserved 1048576K
}
Event: 5095.757 GC heap before
{Heap before GC invocations=27 (full 4):
 PSYoungGen      total 442880K, used 436678K [0x00000000e0000000, 0x0000000100000000, 0x0000000100000000)
  eden space 377856K, 100% used [0x00000000e0000000,0x00000000f7100000,0x00000000f7100000)
  from space 65024K, 90% used [0x00000000fc080000,0x00000000ff9f1960,0x0000000100000000)
  to   space 73216K, 0% used [0x00000000f7100000,0x00000000f7100000,0x00000000fb880000)
 ParOldGen       total 225792K, used 118146K [0x00000000a0000000, 0x00000000adc80000, 0x00000000e0000000)
  object space 225792K, 52% used [0x00000000a0000000,0x00000000a7360b68,0x00000000adc80000)
 Metaspace       used 141761K, capacity 147789K, committed 147840K, reserved 1177600K
  class space    used 18296K, capacity 19557K, committed 19584K, reserved 1048576K
Event: 5095.884 GC heap after
Heap after GC invocations=27 (full 4):
 PSYoungGen      total 451072K, used 73201K [0x00000000e0000000, 0x0000000100000000, 0x0000000100000000)
  eden space 377856K, 0% used [0x00000000e0000000,0x00000000e0000000,0x00000000f7100000)
  from space 73216K, 99% used [0x00000000f7100000,0x00000000fb87c478,0x00000000fb880000)
  to   space 73216K, 0% used [0x00000000fb880000,0x00000000fb880000,0x0000000100000000)
 ParOldGen       total 225792K, used 173214K [0x00000000a0000000, 0x00000000adc80000, 0x00000000e0000000)
  object space 225792K, 76% used [0x00000000a0000000,0x00000000aa927ba0,0x00000000adc80000)
 Metaspace       used 141761K, capacity 147789K, committed 147840K, reserved 1177600K
  class space    used 18296K, capacity 19557K, committed 19584K, reserved 1048576K
}
Event: 5097.311 GC heap before
{Heap before GC invocations=28 (full 4):
 PSYoungGen      total 451072K, used 451057K [0x00000000e0000000, 0x0000000100000000, 0x0000000100000000)
  eden space 377856K, 100% used [0x00000000e0000000,0x00000000f7100000,0x00000000f7100000)
  from space 73216K, 99% used [0x00000000f7100000,0x00000000fb87c478,0x00000000fb880000)
  to   space 73216K, 0% used [0x00000000fb880000,0x00000000fb880000,0x0000000100000000)
 ParOldGen       total 225792K, used 173214K [0x00000000a0000000, 0x00000000adc80000, 0x00000000e0000000)
  object space 225792K, 76% used [0x00000000a0000000,0x00000000aa927ba0,0x00000000adc80000)
 Metaspace       used 144081K, capacity 150633K, committed 150784K, reserved 1179648K
  class space    used 18625K, capacity 19953K, committed 19968K, reserved 1048576K
Event: 5097.509 GC heap after
Heap after GC invocations=28 (full 4):
 PSYoungGen      total 281088K, used 73200K [0x00000000e0000000, 0x0000000100000000, 0x0000000100000000)
  eden space 207872K, 0% used [0x00000000e0000000,0x00000000e0000000,0x00000000ecb00000)
  from space 73216K, 99% used [0x00000000fb880000,0x00000000ffffc2f0,0x0000000100000000)
  to   space 158208K, 0% used [0x00000000ecb00000,0x00000000ecb00000,0x00000000f6580000)
 ParOldGen       total 301056K, used 300959K [0x00000000a0000000, 0x00000000b2600000, 0x00000000e0000000)
  object space 301056K, 99% used [0x00000000a0000000,0x00000000b25e7fd8,0x00000000b2600000)
 Metaspace       used 144081K, capacity 150633K, committed 150784K, reserved 1179648K
  class space    used 18625K, capacity 19953K, committed 19968K, reserved 1048576K
}
Event: 5097.509 GC heap before
{Heap before GC invocations=29 (full 5):
 PSYoungGen      total 281088K, used 73200K [0x00000000e0000000, 0x0000000100000000, 0x0000000100000000)
  eden space 207872K, 0% used [0x00000000e0000000,0x00000000e0000000,0x00000000ecb00000)
  from space 73216K, 99% used [0x00000000fb880000,0x00000000ffffc2f0,0x0000000100000000)
  to   space 158208K, 0% used [0x00000000ecb00000,0x00000000ecb00000,0x00000000f6580000)
 ParOldGen       total 301056K, used 300959K [0x00000000a0000000, 0x00000000b2600000, 0x00000000e0000000)
  object space 301056K, 99% used [0x00000000a0000000,0x00000000b25e7fd8,0x00000000b2600000)
 Metaspace       used 144081K, capacity 150633K, committed 150784K, reserved 1179648K
  class space    used 18625K, capacity 19953K, committed 19968K, reserved 1048576K

